C51 COMPILER V9.52.0.0   MAIN                                                              05/25/2016 18:48:31 PAGE 1   


C51 COMPILER V9.52.0.0, COMPILATION OF MODULE MAIN
OBJECT MODULE PLACED IN main.obj
COMPILER INVOKED BY: C:\Keil_c51\C51\BIN\C51.EXE code\src\main.c BROWSE DEBUG OBJECTEXTEND PRINT(.\main.lst) TABS(2) OBJ
                    -ECT(main.obj)

line level    source

   1          #include "base_type.h"
*** WARNING C318 IN LINE 1 OF code\src\main.c: can't open file 'base_type.h'
   2          #include <platform.h>
*** WARNING C318 IN LINE 2 OF code\src\main.c: can't open file 'platform.h'
   3          #include "intrins.h"
   4          
   5          static void __Delay(H_U32 ms)
*** ERROR C141 IN LINE 5 OF code\src\main.c: syntax error near 'ms', expected ')'
   6          {
   7   1        H_U32 i = 0;
*** ERROR C141 IN LINE 7 OF code\src\main.c: syntax error near 'i'
*** ERROR C202 IN LINE 7 OF code\src\main.c: 'i': undefined identifier
   8   1        H_U32 j = 0;
*** ERROR C141 IN LINE 8 OF code\src\main.c: syntax error near 'j'
*** ERROR C202 IN LINE 8 OF code\src\main.c: 'j': undefined identifier
   9   1        for(i = ms; i> 0; i--)
*** ERROR C202 IN LINE 9 OF code\src\main.c: 'i': undefined identifier
  10   1        {
  11   2          for(j = 110; j > 0; j--)
*** ERROR C202 IN LINE 11 OF code\src\main.c: 'j': undefined identifier
  12   2          {
  13   3            _nop_();
  14   3          }
  15   2        }
  16   1      }
  17          
  18          //单片机系统初始化
  19          static void __SystemInit(void)
  20          {
  21   1          //外部中断0 配置
  22   1          IT0 = 0; //外部中断低电平触发  IT0 = 1 外部中断0下降沿触发
*** ERROR C202 IN LINE 22 OF code\src\main.c: 'IT0': undefined identifier
  23   1          EX0 = 1; //打开外部中断0  EX0=0;关闭外部中断0
*** ERROR C202 IN LINE 23 OF code\src\main.c: 'EX0': undefined identifier
  24   1         //外部中断1 配置
  25   1          IT1 = 0; //外部中断低电平触发  IT1 = 1 外部中断1下降沿触发
*** ERROR C202 IN LINE 25 OF code\src\main.c: 'IT1': undefined identifier
  26   1          EX1 = 1; //打开外部中断1  EX1=0;关闭外部中断1
*** ERROR C202 IN LINE 26 OF code\src\main.c: 'EX1': undefined identifier
  27   1        
  28   1          EA = 1; //总中断开关
*** ERROR C202 IN LINE 28 OF code\src\main.c: 'EA': undefined identifier
  29   1      }
  30          
  31          //static void 
  32          
  33          void main()
  34          {
  35   1        
  36   1      }

C51 COMPILATION COMPLETE.  2 WARNING(S),  12 ERROR(S)
